TN:
SF:src/adminServices/MedicoService.jsx
FN:6,(anonymous_0)
FN:8,(anonymous_1)
FN:10,(anonymous_2)
FN:12,(anonymous_3)
FN:14,(anonymous_4)
FN:16,(anonymous_5)
FNF:6
FNH:0
FNDA:0,(anonymous_0)
FNDA:0,(anonymous_1)
FNDA:0,(anonymous_2)
FNDA:0,(anonymous_3)
FNDA:0,(anonymous_4)
FNDA:0,(anonymous_5)
DA:3,1
DA:6,1
DA:8,1
DA:10,1
DA:12,1
DA:14,1
DA:16,1
LF:7
LH:7
BRF:0
BRH:0
end_of_record
TN:
SF:src/components/admin/ListMedicoComponent.jsx
FN:9,(anonymous_0)
FN:15,(anonymous_1)
FN:19,getAllMedici
FN:20,(anonymous_3)
FN:22,(anonymous_4)
FN:27,addNewMedico
FN:31,updateMedico
FN:35,back2Menu
FN:39,removeMedico
FN:41,(anonymous_9)
FN:43,(anonymous_10)
FN:68,(anonymous_11)
FN:78,(anonymous_12)
FN:79,(anonymous_13)
FNF:14
FNH:5
FNDA:12,(anonymous_0)
FNDA:8,(anonymous_1)
FNDA:8,getAllMedici
FNDA:8,(anonymous_3)
FNDA:0,(anonymous_4)
FNDA:0,addNewMedico
FNDA:0,updateMedico
FNDA:0,back2Menu
FNDA:0,removeMedico
FNDA:0,(anonymous_9)
FNDA:0,(anonymous_10)
FNDA:18,(anonymous_11)
FNDA:0,(anonymous_12)
FNDA:0,(anonymous_13)
DA:9,1
DA:11,12
DA:13,11
DA:15,11
DA:16,8
DA:20,8
DA:21,8
DA:23,0
DA:28,0
DA:32,0
DA:36,0
DA:40,0
DA:41,0
DA:42,0
DA:44,0
DA:48,11
DA:69,18
DA:78,0
DA:79,0
LF:19
LH:9
BRF:0
BRH:0
end_of_record
TN:
SF:src/components/admin/ListPazienteComponent.jsx
FN:7,(anonymous_0)
FN:13,(anonymous_1)
FN:17,getAllPazienti
FN:18,(anonymous_3)
FN:20,(anonymous_4)
FN:25,addNewPaziente
FN:29,updatePaziente
FN:33,visualizzaCartella
FN:37,back2Menu
FN:41,removePaziente
FN:43,(anonymous_10)
FN:45,(anonymous_11)
FN:67,(anonymous_12)
FN:75,(anonymous_13)
FN:76,(anonymous_14)
FN:77,(anonymous_15)
FNF:16
FNH:5
FNDA:9,(anonymous_0)
FNDA:5,(anonymous_1)
FNDA:5,getAllPazienti
FNDA:5,(anonymous_3)
FNDA:0,(anonymous_4)
FNDA:0,addNewPaziente
FNDA:0,updatePaziente
FNDA:0,visualizzaCartella
FNDA:0,back2Menu
FNDA:0,removePaziente
FNDA:0,(anonymous_10)
FNDA:0,(anonymous_11)
FNDA:6,(anonymous_12)
FNDA:0,(anonymous_13)
FNDA:0,(anonymous_14)
FNDA:0,(anonymous_15)
DA:7,1
DA:9,9
DA:11,8
DA:13,8
DA:14,5
DA:18,5
DA:19,5
DA:21,0
DA:26,0
DA:30,0
DA:34,0
DA:38,0
DA:42,0
DA:43,0
DA:44,0
DA:46,0
DA:50,8
DA:68,6
DA:75,0
DA:76,0
DA:77,0
LF:21
LH:9
BRF:0
BRH:0
end_of_record
TN:
SF:src/components/liste/AppuntamentiHr.jsx
FN:10,(anonymous_0)
FN:16,(anonymous_1)
FN:20,getAllAppuntamenti
FN:21,(anonymous_3)
FN:23,(anonymous_4)
FN:28,back2Home
FN:32,addNewAppuntamento
FN:36,removeAppuntamento
FN:37,(anonymous_8)
FN:39,(anonymous_9)
FN:62,(anonymous_10)
FN:71,(anonymous_11)
FNF:12
FNH:10
FNDA:9,(anonymous_0)
FNDA:4,(anonymous_1)
FNDA:5,getAllAppuntamenti
FNDA:5,(anonymous_3)
FNDA:0,(anonymous_4)
FNDA:1,back2Home
FNDA:1,addNewAppuntamento
FNDA:1,removeAppuntamento
FNDA:1,(anonymous_8)
FNDA:0,(anonymous_9)
FNDA:15,(anonymous_10)
FNDA:1,(anonymous_11)
DA:10,1
DA:12,9
DA:14,9
DA:16,9
DA:17,4
DA:21,5
DA:22,5
DA:24,0
DA:29,1
DA:33,1
DA:37,1
DA:38,1
DA:40,0
DA:44,9
DA:63,15
DA:71,1
LF:16
LH:14
BRDA:65,0,0,0
BRDA:65,0,1,15
BRF:2
BRH:1
end_of_record
TN:
SF:src/services/AppuntamentiService.jsx
FN:5,(anonymous_0)
FN:7,(anonymous_1)
FN:9,(anonymous_2)
FN:11,(anonymous_3)
FN:13,(anonymous_4)
FN:15,(anonymous_5)
FN:17,(anonymous_6)
FNF:7
FNH:0
FNDA:0,(anonymous_0)
FNDA:0,(anonymous_1)
FNDA:0,(anonymous_2)
FNDA:0,(anonymous_3)
FNDA:0,(anonymous_4)
FNDA:0,(anonymous_5)
FNDA:0,(anonymous_6)
DA:3,1
DA:5,1
DA:7,1
DA:9,1
DA:11,1
DA:13,1
DA:15,1
DA:17,1
LF:8
LH:8
BRF:0
BRH:0
end_of_record
TN:
SF:src/services/SlotService.jsx
FN:5,(anonymous_0)
FN:7,(anonymous_1)
FN:9,(anonymous_2)
FN:11,(anonymous_3)
FN:13,(anonymous_4)
FN:15,(anonymous_5)
FNF:6
FNH:0
FNDA:0,(anonymous_0)
FNDA:0,(anonymous_1)
FNDA:0,(anonymous_2)
FNDA:0,(anonymous_3)
FNDA:0,(anonymous_4)
FNDA:0,(anonymous_5)
DA:3,1
DA:5,1
DA:7,1
DA:9,1
DA:11,1
DA:13,1
DA:15,1
LF:7
LH:7
BRF:0
BRH:0
end_of_record
TN:
SF:src/services/VisiteService.jsx
FN:5,(anonymous_0)
FN:7,(anonymous_1)
FN:9,(anonymous_2)
FN:11,(anonymous_3)
FN:13,(anonymous_4)
FNF:5
FNH:0
FNDA:0,(anonymous_0)
FNDA:0,(anonymous_1)
FNDA:0,(anonymous_2)
FNDA:0,(anonymous_3)
FNDA:0,(anonymous_4)
DA:3,1
DA:5,1
DA:7,1
DA:9,1
DA:11,1
DA:13,1
LF:6
LH:6
BRF:0
BRH:0
end_of_record
